{"uuid":"0af715de-1503-4420-af7e-69626f37507a","historyId":"782a9d565ad6fd8e5b66d01350489be1","fullName":"autotests.LoginPositiveTest.initTheAccountAndCheckUser","labels":[{"name":"package","value":"autotests.LoginPositiveTest"},{"name":"testClass","value":"autotests.LoginPositiveTest"},{"name":"testMethod","value":"initTheAccountAndCheckUser"},{"name":"parentSuite","value":"MySuite"},{"name":"suite","value":"PositiveTest_2"},{"name":"subSuite","value":"autotests.LoginPositiveTest"},{"name":"host","value":"DESKTOP-KEUKAJE"},{"name":"thread","value":"4700@DESKTOP-KEUKAJE.TestNG(14)"},{"name":"framework","value":"testng"},{"name":"language","value":"java"}],"links":[],"name":"initTheAccountAndCheckUser","status":"failed","statusDetails":{"known":false,"muted":false,"flaky":false,"message":"AssertionFailedError expected [https://tt-develop.quality-lab.ru/login] but found [https://tt-develop.quality-lab.ru/report/group/edit]","trace":"java.lang.AssertionError: AssertionFailedError expected [https://tt-develop.quality-lab.ru/login] but found [https://tt-develop.quality-lab.ru/report/group/edit]\r\n\tat org.testng.Assert.fail(Assert.java:94)\r\n\tat org.testng.Assert.failNotEquals(Assert.java:494)\r\n\tat org.testng.Assert.assertEquals(Assert.java:123)\r\n\tat org.testng.Assert.assertEquals(Assert.java:176)\r\n\tat autotests.LoginPositiveTest.initTheAccountAndCheckUser(LoginPositiveTest.java:37)\r\n\tat sun.reflect.NativeMethodAccessorImpl.invoke0(Native Method)\r\n\tat sun.reflect.NativeMethodAccessorImpl.invoke(NativeMethodAccessorImpl.java:62)\r\n\tat sun.reflect.DelegatingMethodAccessorImpl.invoke(DelegatingMethodAccessorImpl.java:43)\r\n\tat java.lang.reflect.Method.invoke(Method.java:498)\r\n\tat org.testng.internal.MethodInvocationHelper.invokeMethod(MethodInvocationHelper.java:80)\r\n\tat org.testng.internal.Invoker.invokeMethod(Invoker.java:714)\r\n\tat org.testng.internal.Invoker.invokeTestMethod(Invoker.java:901)\r\n\tat org.testng.internal.Invoker.invokeTestMethods(Invoker.java:1231)\r\n\tat org.testng.internal.TestMethodWorker.invokeTestMethods(TestMethodWorker.java:127)\r\n\tat org.testng.internal.TestMethodWorker.run(TestMethodWorker.java:111)\r\n\tat org.testng.TestRunner.privateRun(TestRunner.java:767)\r\n\tat org.testng.TestRunner.run(TestRunner.java:617)\r\n\tat org.testng.SuiteRunner.runTest(SuiteRunner.java:334)\r\n\tat org.testng.SuiteRunner.access$000(SuiteRunner.java:37)\r\n\tat org.testng.SuiteRunner$SuiteWorker.run(SuiteRunner.java:368)\r\n\tat org.testng.internal.thread.ThreadUtil$2.call(ThreadUtil.java:64)\r\n\tat java.util.concurrent.FutureTask.run(FutureTask.java:266)\r\n\tat java.util.concurrent.ThreadPoolExecutor.runWorker(ThreadPoolExecutor.java:1149)\r\n\tat java.util.concurrent.ThreadPoolExecutor$Worker.run(ThreadPoolExecutor.java:624)\r\n\tat java.lang.Thread.run(Thread.java:748)\r\n"},"stage":"finished","description":"Позитивный тест. Введение корректного логина и пароля.","steps":[{"name":"Вход в аккаунт и проверка пользователя","status":"failed","statusDetails":{"known":false,"muted":false,"flaky":false,"message":"AssertionFailedError expected [https://tt-develop.quality-lab.ru/login] but found [https://tt-develop.quality-lab.ru/report/group/edit]","trace":"java.lang.AssertionError: AssertionFailedError expected [https://tt-develop.quality-lab.ru/login] but found [https://tt-develop.quality-lab.ru/report/group/edit]\r\n\tat org.testng.Assert.fail(Assert.java:94)\r\n\tat org.testng.Assert.failNotEquals(Assert.java:494)\r\n\tat org.testng.Assert.assertEquals(Assert.java:123)\r\n\tat org.testng.Assert.assertEquals(Assert.java:176)\r\n\tat autotests.LoginPositiveTest.initTheAccountAndCheckUser(LoginPositiveTest.java:37)\r\n\tat sun.reflect.NativeMethodAccessorImpl.invoke0(Native Method)\r\n\tat sun.reflect.NativeMethodAccessorImpl.invoke(NativeMethodAccessorImpl.java:62)\r\n\tat sun.reflect.DelegatingMethodAccessorImpl.invoke(DelegatingMethodAccessorImpl.java:43)\r\n\tat java.lang.reflect.Method.invoke(Method.java:498)\r\n\tat org.testng.internal.MethodInvocationHelper.invokeMethod(MethodInvocationHelper.java:80)\r\n\tat org.testng.internal.Invoker.invokeMethod(Invoker.java:714)\r\n\tat org.testng.internal.Invoker.invokeTestMethod(Invoker.java:901)\r\n\tat org.testng.internal.Invoker.invokeTestMethods(Invoker.java:1231)\r\n\tat org.testng.internal.TestMethodWorker.invokeTestMethods(TestMethodWorker.java:127)\r\n\tat org.testng.internal.TestMethodWorker.run(TestMethodWorker.java:111)\r\n\tat org.testng.TestRunner.privateRun(TestRunner.java:767)\r\n\tat org.testng.TestRunner.run(TestRunner.java:617)\r\n\tat org.testng.SuiteRunner.runTest(SuiteRunner.java:334)\r\n\tat org.testng.SuiteRunner.access$000(SuiteRunner.java:37)\r\n\tat org.testng.SuiteRunner$SuiteWorker.run(SuiteRunner.java:368)\r\n\tat org.testng.internal.thread.ThreadUtil$2.call(ThreadUtil.java:64)\r\n\tat java.util.concurrent.FutureTask.run(FutureTask.java:266)\r\n\tat java.util.concurrent.ThreadPoolExecutor.runWorker(ThreadPoolExecutor.java:1149)\r\n\tat java.util.concurrent.ThreadPoolExecutor$Worker.run(ThreadPoolExecutor.java:624)\r\n\tat java.lang.Thread.run(Thread.java:748)\r\n"},"stage":"finished","steps":[{"name":"Открыть сайт: https://tt-develop.quality-lab.ru","status":"passed","stage":"finished","steps":[{"name":"$(\"open\") https://tt-develop.quality-lab.ru","status":"passed","stage":"finished","steps":[],"attachments":[],"parameters":[],"start":1633606470804,"stop":1633606476277}],"attachments":[],"parameters":[],"start":1633606470802,"stop":1633606476278},{"name":"Ввести логин используя параметризацию","status":"passed","stage":"finished","steps":[{"name":"$(\"By.xpath: //input[@id='username']\") send keys(Тест)","status":"passed","stage":"finished","steps":[],"attachments":[],"parameters":[],"start":1633606476279,"stop":1633606476330}],"attachments":[],"parameters":[{"name":"login","value":"Тест"}],"start":1633606476278,"stop":1633606476330},{"name":"Ввести пароль используя параметризацию","status":"passed","stage":"finished","steps":[{"name":"$(\"By.xpath: //input[@name='_password']\") send keys(Тест)","status":"passed","stage":"finished","steps":[],"attachments":[],"parameters":[],"start":1633606476330,"stop":1633606476386}],"attachments":[],"parameters":[{"name":"password","value":"Тест"}],"start":1633606476330,"stop":1633606476386},{"name":"Нажать кнопку входа.","status":"passed","stage":"finished","steps":[{"name":"$(\"By.xpath: //input[@id='_submit']\") click()","status":"passed","stage":"finished","steps":[],"attachments":[],"parameters":[],"start":1633606476386,"stop":1633606477837}],"attachments":[],"parameters":[],"start":1633606476386,"stop":1633606477837}],"attachments":[],"parameters":[{"name":"login","value":"Тест"},{"name":"password","value":"Тест"}],"start":1633606470801,"stop":1633606477843}],"attachments":[],"parameters":[{"name":"login","value":"Тест"},{"name":"pass","value":"Тест"}],"start":1633606470756,"stop":1633606477847}