{"uuid":"0dc2e923-e40e-45b7-a71e-edd124a6e7c3","historyId":"f89293aac3a7c6a9e1fa028f9dc1d973","fullName":"autotests.LoginPositiveTest.initTheAccountAndCheckUser","labels":[{"name":"package","value":"autotests.LoginPositiveTest"},{"name":"testClass","value":"autotests.LoginPositiveTest"},{"name":"testMethod","value":"initTheAccountAndCheckUser"},{"name":"parentSuite","value":"Suite"},{"name":"suite","value":"PositiveTest_1"},{"name":"subSuite","value":"autotests.LoginPositiveTest"},{"name":"host","value":"DESKTOP-KEUKAJE"},{"name":"thread","value":"5544@DESKTOP-KEUKAJE.main(1)"},{"name":"framework","value":"testng"},{"name":"language","value":"java"}],"links":[],"name":"initTheAccountAndCheckUser","status":"failed","statusDetails":{"known":false,"muted":false,"flaky":false,"message":"AssertionFailedError expected [true] but found [false]","trace":"java.lang.AssertionError: AssertionFailedError expected [true] but found [false]\r\n\tat org.testng.Assert.fail(Assert.java:94)\r\n\tat org.testng.Assert.failNotEquals(Assert.java:494)\r\n\tat org.testng.Assert.assertTrue(Assert.java:42)\r\n\tat autotests.LoginPositiveTest.initTheAccountAndCheckUser(LoginPositiveTest.java:32)\r\n\tat sun.reflect.NativeMethodAccessorImpl.invoke0(Native Method)\r\n\tat sun.reflect.NativeMethodAccessorImpl.invoke(NativeMethodAccessorImpl.java:62)\r\n\tat sun.reflect.DelegatingMethodAccessorImpl.invoke(DelegatingMethodAccessorImpl.java:43)\r\n\tat java.lang.reflect.Method.invoke(Method.java:498)\r\n\tat org.testng.internal.MethodInvocationHelper.invokeMethod(MethodInvocationHelper.java:80)\r\n\tat org.testng.internal.Invoker.invokeMethod(Invoker.java:714)\r\n\tat org.testng.internal.Invoker.invokeTestMethod(Invoker.java:901)\r\n\tat org.testng.internal.Invoker.invokeTestMethods(Invoker.java:1231)\r\n\tat org.testng.internal.TestMethodWorker.invokeTestMethods(TestMethodWorker.java:127)\r\n\tat org.testng.internal.TestMethodWorker.run(TestMethodWorker.java:111)\r\n\tat org.testng.TestRunner.privateRun(TestRunner.java:767)\r\n\tat org.testng.TestRunner.run(TestRunner.java:617)\r\n\tat org.testng.SuiteRunner.runTest(SuiteRunner.java:334)\r\n\tat org.testng.SuiteRunner.runSequentially(SuiteRunner.java:329)\r\n\tat org.testng.SuiteRunner.privateRun(SuiteRunner.java:291)\r\n\tat org.testng.SuiteRunner.run(SuiteRunner.java:240)\r\n\tat org.testng.SuiteRunnerWorker.runSuite(SuiteRunnerWorker.java:52)\r\n\tat org.testng.SuiteRunnerWorker.run(SuiteRunnerWorker.java:86)\r\n\tat org.testng.TestNG.runSuitesSequentially(TestNG.java:1198)\r\n\tat org.testng.TestNG.runSuitesLocally(TestNG.java:1123)\r\n\tat org.testng.TestNG.run(TestNG.java:1031)\r\n\tat com.intellij.rt.testng.IDEARemoteTestNG.run(IDEARemoteTestNG.java:66)\r\n\tat com.intellij.rt.testng.RemoteTestNGStarter.main(RemoteTestNGStarter.java:109)\r\n"},"stage":"finished","description":"Позитивный тест. Введение корректного логина и пароля.","steps":[{"name":"Вход в аккаунт и проверка пользователя","status":"failed","statusDetails":{"known":false,"muted":false,"flaky":false,"message":"AssertionFailedError expected [true] but found [false]","trace":"java.lang.AssertionError: AssertionFailedError expected [true] but found [false]\r\n\tat org.testng.Assert.fail(Assert.java:94)\r\n\tat org.testng.Assert.failNotEquals(Assert.java:494)\r\n\tat org.testng.Assert.assertTrue(Assert.java:42)\r\n\tat autotests.LoginPositiveTest.initTheAccountAndCheckUser(LoginPositiveTest.java:32)\r\n\tat sun.reflect.NativeMethodAccessorImpl.invoke0(Native Method)\r\n\tat sun.reflect.NativeMethodAccessorImpl.invoke(NativeMethodAccessorImpl.java:62)\r\n\tat sun.reflect.DelegatingMethodAccessorImpl.invoke(DelegatingMethodAccessorImpl.java:43)\r\n\tat java.lang.reflect.Method.invoke(Method.java:498)\r\n\tat org.testng.internal.MethodInvocationHelper.invokeMethod(MethodInvocationHelper.java:80)\r\n\tat org.testng.internal.Invoker.invokeMethod(Invoker.java:714)\r\n\tat org.testng.internal.Invoker.invokeTestMethod(Invoker.java:901)\r\n\tat org.testng.internal.Invoker.invokeTestMethods(Invoker.java:1231)\r\n\tat org.testng.internal.TestMethodWorker.invokeTestMethods(TestMethodWorker.java:127)\r\n\tat org.testng.internal.TestMethodWorker.run(TestMethodWorker.java:111)\r\n\tat org.testng.TestRunner.privateRun(TestRunner.java:767)\r\n\tat org.testng.TestRunner.run(TestRunner.java:617)\r\n\tat org.testng.SuiteRunner.runTest(SuiteRunner.java:334)\r\n\tat org.testng.SuiteRunner.runSequentially(SuiteRunner.java:329)\r\n\tat org.testng.SuiteRunner.privateRun(SuiteRunner.java:291)\r\n\tat org.testng.SuiteRunner.run(SuiteRunner.java:240)\r\n\tat org.testng.SuiteRunnerWorker.runSuite(SuiteRunnerWorker.java:52)\r\n\tat org.testng.SuiteRunnerWorker.run(SuiteRunnerWorker.java:86)\r\n\tat org.testng.TestNG.runSuitesSequentially(TestNG.java:1198)\r\n\tat org.testng.TestNG.runSuitesLocally(TestNG.java:1123)\r\n\tat org.testng.TestNG.run(TestNG.java:1031)\r\n\tat com.intellij.rt.testng.IDEARemoteTestNG.run(IDEARemoteTestNG.java:66)\r\n\tat com.intellij.rt.testng.RemoteTestNGStarter.main(RemoteTestNGStarter.java:109)\r\n"},"stage":"finished","steps":[{"name":"Открыть сайт: https://tt-develop.quality-lab.ru","status":"passed","stage":"finished","steps":[{"name":"Подбор параметра для ввода URL","status":"passed","stage":"finished","steps":[],"attachments":[],"parameters":[{"name":"urlAdress","value":"https://tt-develop.quality-lab.ru"}],"start":1632822146845,"stop":1632822146846}],"attachments":[],"parameters":[],"start":1632822146845,"stop":1632822151256},{"name":"Ввести логин используя параметризацию","status":"passed","stage":"finished","steps":[],"attachments":[],"parameters":[{"name":"login","value":"Сергей Оралов"}],"start":1632822151256,"stop":1632822151322},{"name":"Ввести пароль используя параметризацию","status":"passed","stage":"finished","steps":[],"attachments":[],"parameters":[{"name":"password","value":"pwd4hotelRA"}],"start":1632822151323,"stop":1632822151381},{"name":"Нажать кнопку входа.","status":"passed","stage":"finished","steps":[],"attachments":[],"parameters":[],"start":1632822151381,"stop":1632822159815},{"name":"Кликнуть по изображению профайла.","status":"passed","stage":"finished","steps":[],"attachments":[],"parameters":[],"start":1632822159819,"stop":1632822159890}],"attachments":[],"parameters":[{"name":"login","value":"Сергей Оралов"},{"name":"password","value":"pwd4hotelRA"}],"start":1632822146844,"stop":1632822159914}],"attachments":[],"parameters":[{"name":"login","value":"Сергей Оралов"},{"name":"pass","value":"pwd4hotelRA"}],"start":1632822146832,"stop":1632822159919}